[debug] [2022-06-08T19:24:10.228Z] ----------------------------------------------------------------------
[debug] [2022-06-08T19:24:10.230Z] Command:       C:\Program Files\nodejs\node.exe C:\Users\pwujczyk\AppData\Roaming\npm\node_modules\firebase-tools\lib\bin\firebase.js init
[debug] [2022-06-08T19:24:10.230Z] CLI Version:   11.0.1
[debug] [2022-06-08T19:24:10.230Z] Platform:      win32
[debug] [2022-06-08T19:24:10.231Z] Node Version:  v14.18.0
[debug] [2022-06-08T19:24:10.233Z] Time:          Wed Jun 08 2022 21:24:10 GMT+0200 (czas środkowoeuropejski letni)
[debug] [2022-06-08T19:24:10.233Z] ----------------------------------------------------------------------
[debug] 
[debug] [2022-06-08T19:24:10.305Z] > command requires scopes: ["email","openid","https://www.googleapis.com/auth/cloudplatformprojects.readonly","https://www.googleapis.com/auth/firebase","https://www.googleapis.com/auth/cloud-platform"]
[debug] [2022-06-08T19:24:10.305Z] > authorizing via signed-in user (pwujczyk@gmail.com)
[info] 
     ######## #### ########  ######## ########     ###     ######  ########
     ##        ##  ##     ## ##       ##     ##  ##   ##  ##       ##
     ######    ##  ########  ######   ########  #########  ######  ######
     ##        ##  ##    ##  ##       ##     ## ##     ##       ## ##
     ##       #### ##     ## ######## ########  ##     ##  ######  ########

You're about to initialize a Firebase project in this directory:

  D:\GitHub\productivitytools.techbricks.web

Before we get started, keep in mind:

  * You are initializing within an existing Firebase project directory

